<?xml version="1.0" encoding="UTF-8"?>
<robot generator="Robot 3.1.2 (Python 3.8.1 on win32)" generated="20200309 11:21:28.601" rpa="false">
<suite id="s1" name="Ter" source="D:\git1\ter.robot">
<test id="s1-t1" name="กรอกข้อมูลลงไป">
<kw name="วิธีการเปิดgoogle">
<kw name="Open Browser" library="SeleniumLibrary">
<doc>Opens a new browser instance to the optional ``url``.</doc>
<arguments>
<arg>${URL}</arg>
<arg>${BROWSER}</arg>
</arguments>
<msg timestamp="20200309 11:21:29.043" level="INFO">Opening browser 'Chrome' to base url 'https://www.google.com/'.</msg>
<status status="PASS" starttime="20200309 11:21:29.043" endtime="20200309 11:21:35.512"></status>
</kw>
<kw name="Maximize Browser Window" library="SeleniumLibrary">
<doc>Maximizes current browser window.</doc>
<status status="PASS" starttime="20200309 11:21:35.512" endtime="20200309 11:21:39.642"></status>
</kw>
<status status="PASS" starttime="20200309 11:21:29.042" endtime="20200309 11:21:39.642"></status>
</kw>
<kw name="Input Text" library="SeleniumLibrary">
<doc>Types the given ``text`` into the text field identified by ``locator``.</doc>
<arguments>
<arg>${สมัครสมาชิค_BigC}</arg>
<arg>${กรอกสิ่งที่จะค้นหา}</arg>
</arguments>
<msg timestamp="20200309 11:21:39.645" level="INFO">Typing text 'สมัครสมาชิก Big C' into text field 'name=q'.</msg>
<status status="PASS" starttime="20200309 11:21:39.643" endtime="20200309 11:21:39.893"></status>
</kw>
<kw name="Click Button" library="SeleniumLibrary">
<doc>Clicks the button identified by ``locator``.</doc>
<arguments>
<arg>${click_search}</arg>
</arguments>
<msg timestamp="20200309 11:21:39.894" level="INFO">Clicking button 'name=btnK'.</msg>
<status status="PASS" starttime="20200309 11:21:39.894" endtime="20200309 11:21:41.319"></status>
</kw>
<kw name="Click Element" library="SeleniumLibrary">
<doc>Click the element identified by ``locator``.</doc>
<arguments>
<arg>${click_login}</arg>
</arguments>
<msg timestamp="20200309 11:21:41.320" level="INFO">Clicking element '//*[@id="rso"]/div[1]/div/div[1]/div/div/div[1]/a/h3'.</msg>
<status status="PASS" starttime="20200309 11:21:41.320" endtime="20200309 11:22:11.641"></status>
</kw>
<kw name="Click Element" library="SeleniumLibrary">
<doc>Click the element identified by ``locator``.</doc>
<arguments>
<arg>${click_register}</arg>
</arguments>
<msg timestamp="20200309 11:22:11.642" level="INFO">Clicking element '//*[@id="content"]/div/div[2]/div/div[1]/ul/li[2]/a/img'.</msg>
<kw name="Capture Page Screenshot" library="SeleniumLibrary">
<doc>Takes a screenshot of the current page and embeds it into a log file.</doc>
<msg timestamp="20200309 11:22:12.195" level="INFO" html="yes">&lt;/td&gt;&lt;/tr&gt;&lt;tr&gt;&lt;td colspan="3"&gt;&lt;a href="selenium-screenshot-1.png"&gt;&lt;img src="selenium-screenshot-1.png" width="800px"&gt;&lt;/a&gt;</msg>
<status status="PASS" starttime="20200309 11:22:11.659" endtime="20200309 11:22:12.196"></status>
</kw>
<msg timestamp="20200309 11:22:12.244" level="FAIL">Element with locator '//*[@id="content"]/div/div[2]/div/div[1]/ul/li[2]/a/img' not found.</msg>
<status status="FAIL" starttime="20200309 11:22:11.642" endtime="20200309 11:22:12.245"></status>
</kw>
<status status="FAIL" starttime="20200309 11:21:29.040" endtime="20200309 11:22:12.246" critical="yes">Element with locator '//*[@id="content"]/div/div[2]/div/div[1]/ul/li[2]/a/img' not found.</status>
</test>
<test id="s1-t2" name="czzxcxzczxczxc">
<status status="FAIL" starttime="20200309 11:22:12.249" endtime="20200309 11:22:12.249" critical="yes">Test case contains no keywords.</status>
</test>
<status status="FAIL" starttime="20200309 11:21:28.605" endtime="20200309 11:22:12.252"></status>
</suite>
<statistics>
<total>
<stat pass="0" fail="2">Critical Tests</stat>
<stat pass="0" fail="2">All Tests</stat>
</total>
<tag>
</tag>
<suite>
<stat pass="0" fail="2" id="s1" name="Ter">Ter</stat>
</suite>
</statistics>
<errors>
<msg timestamp="20200309 11:21:28.592" level="WARN">Collapsing consecutive whitespace during parsing is deprecated. Fix ' #LOVEEIEI' in file 'D:\git1\ter.robot' on line 60.</msg>
</errors>
</robot>
